0 info it worked if it ends with ok
1 verbose cli [ '/Users/eanplatter/.nvm/versions/node/v6.9.0/bin/node',
1 verbose cli   '/Users/eanplatter/.nvm/versions/node/v6.9.0/bin/npm',
1 verbose cli   'run',
1 verbose cli   'release:patch' ]
2 info using npm@3.10.8
3 info using node@v6.9.0
4 verbose run-script [ 'prerelease:patch', 'release:patch', 'postrelease:patch' ]
5 info lifecycle disrespect-caps@0.0.2~prerelease:patch: disrespect-caps@0.0.2
6 silly lifecycle disrespect-caps@0.0.2~prerelease:patch: no script for prerelease:patch, continuing
7 info lifecycle disrespect-caps@0.0.2~release:patch: disrespect-caps@0.0.2
8 verbose lifecycle disrespect-caps@0.0.2~release:patch: unsafe-perm in lifecycle true
9 verbose lifecycle disrespect-caps@0.0.2~release:patch: PATH: /Users/eanplatter/.nvm/versions/node/v6.9.0/lib/node_modules/npm/bin/node-gyp-bin:/Users/eanplatter/Documents/packages/argument-validator/node_modules/.bin:/Users/eanplatter/.nvm/versions/node/v6.9.0/bin:/Users/eanplatter/.rbenv/shims:/usr/local/bin:/usr/bin:/bin:/usr/sbin:/sbin:/Users/eanplatter/.fzf/bin
10 verbose lifecycle disrespect-caps@0.0.2~release:patch: CWD: /Users/eanplatter/Documents/packages/argument-validator
11 silly lifecycle disrespect-caps@0.0.2~release:patch: Args: [ '-c',
11 silly lifecycle   'npm run build && npm version patch && npm publish && git push --follow-tags' ]
12 silly lifecycle disrespect-caps@0.0.2~release:patch: Returned: code: 1  signal: null
13 info lifecycle disrespect-caps@0.0.2~release:patch: Failed to exec release:patch script
14 verbose stack Error: disrespect-caps@0.0.2 release:patch: `npm run build && npm version patch && npm publish && git push --follow-tags`
14 verbose stack Exit status 1
14 verbose stack     at EventEmitter.<anonymous> (/Users/eanplatter/.nvm/versions/node/v6.9.0/lib/node_modules/npm/lib/utils/lifecycle.js:255:16)
14 verbose stack     at emitTwo (events.js:106:13)
14 verbose stack     at EventEmitter.emit (events.js:191:7)
14 verbose stack     at ChildProcess.<anonymous> (/Users/eanplatter/.nvm/versions/node/v6.9.0/lib/node_modules/npm/lib/utils/spawn.js:40:14)
14 verbose stack     at emitTwo (events.js:106:13)
14 verbose stack     at ChildProcess.emit (events.js:191:7)
14 verbose stack     at maybeClose (internal/child_process.js:877:16)
14 verbose stack     at Process.ChildProcess._handle.onexit (internal/child_process.js:226:5)
15 verbose pkgid disrespect-caps@0.0.2
16 verbose cwd /Users/eanplatter/Documents/packages/argument-validator
17 error Darwin 16.0.0
18 error argv "/Users/eanplatter/.nvm/versions/node/v6.9.0/bin/node" "/Users/eanplatter/.nvm/versions/node/v6.9.0/bin/npm" "run" "release:patch"
19 error node v6.9.0
20 error npm  v3.10.8
21 error code ELIFECYCLE
22 error disrespect-caps@0.0.2 release:patch: `npm run build && npm version patch && npm publish && git push --follow-tags`
22 error Exit status 1
23 error Failed at the disrespect-caps@0.0.2 release:patch script 'npm run build && npm version patch && npm publish && git push --follow-tags'.
23 error Make sure you have the latest version of node.js and npm installed.
23 error If you do, this is most likely a problem with the disrespect-caps package,
23 error not with npm itself.
23 error Tell the author that this fails on your system:
23 error     npm run build && npm version patch && npm publish && git push --follow-tags
23 error You can get information on how to open an issue for this project with:
23 error     npm bugs disrespect-caps
23 error Or if that isn't available, you can get their info via:
23 error     npm owner ls disrespect-caps
23 error There is likely additional logging output above.
24 verbose exit [ 1, true ]
